2022-09-28 17:42:46 0 [Note] InnoDB: Compressed tables use zlib 1.2.12
2022-09-28 17:42:46 0 [Note] InnoDB: Number of transaction pools: 1
2022-09-28 17:42:46 0 [Note] InnoDB: Using crc32 + pclmulqdq instructions
2022-09-28 17:42:46 0 [Note] InnoDB: Initializing buffer pool, total size = 1.990GiB, chunk size = 31.844MiB
2022-09-28 17:42:46 0 [Note] InnoDB: Completed initialization of buffer pool
2022-09-28 17:42:46 0 [Note] InnoDB: File system buffers for log disabled (block size=512 bytes)
2022-09-28 17:42:46 0 [Note] InnoDB: 128 rollback segments are active.
2022-09-28 17:42:46 0 [Note] InnoDB: Setting file './ibtmp1' size to 12.000MiB. Physically writing the file full; Please wait ...
2022-09-28 17:42:46 0 [Note] InnoDB: File './ibtmp1' size is now 12.000MiB.
2022-09-28 17:42:46 0 [Note] InnoDB: log sequence number 46456; transaction id 14
2022-09-28 17:42:46 0 [Note] Plugin 'FEEDBACK' is disabled.
2022-09-28 17:42:46 0 [Note] InnoDB: Loading buffer pool(s) from C:\Users\tkdeh\Downloads\maridb\data\ib_buffer_pool
2022-09-28 17:42:46 0 [Note] mysqld.exe: SSPI: using principal name 'localhost', mech 'Negotiate'
2022-09-28 17:42:46 0 [Note] InnoDB: Buffer pool(s) load completed at 220928 17:42:46
2022-09-28 17:42:46 0 [Note] Server socket created on IP: '::'.
2022-09-28 17:42:46 0 [Note] Server socket created on IP: '0.0.0.0'.
2022-09-28 17:42:46 0 [Note] C:\Users\tkdeh\Downloads\maridb\bin\mysqld.exe: ready for connections.
Version: '10.11.0-MariaDB'  socket: ''  port: 3306  mariadb.org binary distribution
2022-09-28 17:46:07 3 [Warning] Aborted connection 3 to db: 'unconnected' user: 'root' host: 'localhost' (Got an error reading communication packets)
2022-09-28 17:47:03 5 [Warning] Access denied for user 'root'@'localhost' (using password: NO)
2022-09-28 17:47:15 6 [Warning] Access denied for user 'root'@'localhost' (using password: NO)
2022-09-28 18:47:52 7 [Warning] IP address '92.63.197.10' could not be resolved: 알려진 호스트가 없습니다. 
2022-09-28 18:47:53 7 [Warning] Aborted connection 7 to db: 'unconnected' user: 'unauthenticated' host: '92.63.197.10' (This connection closed normally without authentication)
2022-09-28 19:54:07 8 [Warning] Aborted connection 8 to db: 'unconnected' user: 'unauthenticated' host: '92.63.197.10' (This connection closed normally without authentication)
2022-09-29 19:17:24 0 [Note] InnoDB: Compressed tables use zlib 1.2.12
2022-09-29 19:17:24 0 [Note] InnoDB: Number of transaction pools: 1
2022-09-29 19:17:24 0 [Note] InnoDB: Using crc32 + pclmulqdq instructions
2022-09-29 19:17:24 0 [Note] InnoDB: Initializing buffer pool, total size = 1.990GiB, chunk size = 31.844MiB
2022-09-29 19:17:24 0 [Note] InnoDB: Completed initialization of buffer pool
2022-09-29 19:17:24 0 [Note] InnoDB: File system buffers for log disabled (block size=512 bytes)
2022-09-29 19:17:24 0 [Note] InnoDB: Starting crash recovery from checkpoint LSN=46440
2022-09-29 19:17:25 0 [Note] InnoDB: 128 rollback segments are active.
2022-09-29 19:17:25 0 [Note] InnoDB: Removed temporary tablespace data file: "./ibtmp1"
2022-09-29 19:17:25 0 [Note] InnoDB: Setting file './ibtmp1' size to 12.000MiB. Physically writing the file full; Please wait ...
2022-09-29 19:17:25 0 [Note] InnoDB: File './ibtmp1' size is now 12.000MiB.
2022-09-29 19:17:25 0 [Note] InnoDB: log sequence number 46624; transaction id 14
2022-09-29 19:17:25 0 [Note] InnoDB: Loading buffer pool(s) from C:\Users\tkdeh\Downloads\maridb\data\ib_buffer_pool
2022-09-29 19:17:25 0 [Note] Plugin 'FEEDBACK' is disabled.
2022-09-29 19:17:25 0 [Note] mysqld.exe: SSPI: using principal name 'localhost', mech 'Negotiate'
2022-09-29 19:17:25 0 [Note] InnoDB: Buffer pool(s) load completed at 220929 19:17:25
2022-09-29 19:17:25 0 [Note] Server socket created on IP: '::'.
2022-09-29 19:17:25 0 [Note] Server socket created on IP: '0.0.0.0'.
2022-09-29 19:17:25 0 [Note] C:\Users\tkdeh\Downloads\maridb\bin\mysqld.exe: ready for connections.
Version: '10.11.0-MariaDB'  socket: ''  port: 3306  mariadb.org binary distribution
2022-09-29 20:25:08 3 [Warning] Hostname 'zg-0829h-165.stretchoid.com' does not resolve to '192.241.208.129'.
2022-09-29 20:25:08 3 [Note] Hostname 'zg-0829h-165.stretchoid.com' has the following IP addresses:
2022-09-29 20:25:08 3 [Note]  - 127.0.0.1
2022-09-29 20:25:08 3 [Warning] Aborted connection 3 to db: 'unconnected' user: 'unauthenticated' host: '192.241.208.129' (This connection closed normally without authentication)
2022-09-29 20:28:01 4 [Warning] IP address '92.63.197.10' could not be resolved: 알려진 호스트가 없습니다. 
2022-09-29 20:28:01 4 [Warning] Aborted connection 4 to db: 'unconnected' user: 'unauthenticated' host: '92.63.197.10' (This connection closed normally without authentication)
2022-09-29 21:24:36 5 [Warning] Aborted connection 5 to db: 'unconnected' user: 'unauthenticated' host: '92.63.197.10' (This connection closed normally without authentication)
2022-09-29 22:15:30 6 [Warning] Aborted connection 6 to db: 'unconnected' user: 'unauthenticated' host: 'scan-02.shadowserver.org' (This connection closed normally without authentication)
2022-09-29 22:57:38 7 [Warning] IP address '128.14.232.100' could not be resolved: 알려진 호스트가 없습니다. 
2022-09-29 22:57:38 7 [Warning] Aborted connection 7 to db: 'unconnected' user: 'unauthenticated' host: '128.14.232.100' (This connection closed normally without authentication)
2022-09-30  2:17:13 8 [Warning] IP address '198.235.24.161' could not be resolved: 알려진 호스트가 없습니다. 
2022-09-30  2:17:13 8 [Warning] Aborted connection 8 to db: 'unconnected' user: 'unauthenticated' host: '198.235.24.161' (This connection closed normally without authentication)
2022-09-30  2:49:24 9 [Warning] Aborted connection 9 to db: 'unconnected' user: 'unauthenticated' host: '92.63.197.10' (This connection closed normally without authentication)
2022-09-30  4:10:57 10 [Warning] Aborted connection 10 to db: 'unconnected' user: 'unauthenticated' host: '92.63.197.10' (This connection closed normally without authentication)
2022-09-30 12:14:28 0 [Note] InnoDB: Compressed tables use zlib 1.2.12
2022-09-30 12:14:28 0 [Note] InnoDB: Number of transaction pools: 1
2022-09-30 12:14:28 0 [Note] InnoDB: Using crc32 + pclmulqdq instructions
2022-09-30 12:14:28 0 [Note] InnoDB: Initializing buffer pool, total size = 1.990GiB, chunk size = 31.844MiB
2022-09-30 12:14:28 0 [Note] InnoDB: Completed initialization of buffer pool
2022-09-30 12:14:28 0 [Note] InnoDB: File system buffers for log disabled (block size=512 bytes)
2022-09-30 12:14:28 0 [Note] InnoDB: Starting crash recovery from checkpoint LSN=46456
2022-09-30 12:14:29 0 [Note] InnoDB: 128 rollback segments are active.
2022-09-30 12:14:29 0 [Note] InnoDB: Removed temporary tablespace data file: "./ibtmp1"
2022-09-30 12:14:29 0 [Note] InnoDB: Setting file './ibtmp1' size to 12.000MiB. Physically writing the file full; Please wait ...
2022-09-30 12:14:29 0 [Note] InnoDB: File './ibtmp1' size is now 12.000MiB.
2022-09-30 12:14:29 0 [Note] InnoDB: log sequence number 46656; transaction id 14
2022-09-30 12:14:29 0 [Note] Plugin 'FEEDBACK' is disabled.
2022-09-30 12:14:29 0 [Note] mysqld.exe: SSPI: using principal name 'localhost', mech 'Negotiate'
2022-09-30 12:14:29 0 [Note] InnoDB: Loading buffer pool(s) from C:\Users\tkdeh\Downloads\maridb\data\ib_buffer_pool
2022-09-30 12:14:29 0 [Note] InnoDB: Buffer pool(s) load completed at 220930 12:14:29
2022-09-30 12:14:29 0 [Note] Server socket created on IP: '::'.
2022-09-30 12:14:29 0 [Note] Server socket created on IP: '0.0.0.0'.
2022-09-30 12:14:29 0 [Note] C:\Users\tkdeh\Downloads\maridb\bin\mysqld.exe: ready for connections.
Version: '10.11.0-MariaDB'  socket: ''  port: 3306  mariadb.org binary distribution
2022-09-30 13:35:57 3 [Warning] IP address '130.211.54.158' has been resolved to the host name '158.54.211.130.bc.googleusercontent.com', which resembles IPv4-address itself.
2022-09-30 13:35:57 3 [Warning] Aborted connection 3 to db: 'unconnected' user: 'unauthenticated' host: '130.211.54.158' (This connection closed normally without authentication)
2022-09-30 15:08:41 4 [Warning] IP address '92.63.197.10' could not be resolved: 알려진 호스트가 없습니다. 
2022-09-30 15:08:41 4 [Warning] Aborted connection 4 to db: 'unconnected' user: 'unauthenticated' host: '92.63.197.10' (This connection closed normally without authentication)
2022-09-30 17:57:38 5 [Warning] Aborted connection 5 to db: 'unconnected' user: 'unauthenticated' host: 'scan-40a.shadowserver.org' (This connection closed normally without authentication)
2022-09-30 21:20:54 6 [Warning] Hostname 'zg-0829e-197.stretchoid.com' does not resolve to '192.241.215.225'.
2022-09-30 21:20:54 6 [Note] Hostname 'zg-0829e-197.stretchoid.com' has the following IP addresses:
2022-09-30 21:20:54 6 [Note]  - 127.0.0.1
2022-09-30 21:20:54 6 [Warning] Aborted connection 6 to db: 'unconnected' user: 'unauthenticated' host: '192.241.215.225' (This connection closed normally without authentication)
2022-10-01  0:07:12 7 [Warning] IP address '205.210.31.5' could not be resolved: 알려진 호스트가 없습니다. 
2022-10-01  0:07:12 7 [Warning] Aborted connection 7 to db: 'unconnected' user: 'unauthenticated' host: '205.210.31.5' (This connection closed normally without authentication)
2022-10-01 23:54:13 0 [Note] Windows service "MariaDB":  received SERVICE_CONTROL_SHUTDOWN
2022-10-01 23:54:13 0 [Note] C:\Users\tkdeh\Downloads\maridb\bin\mysqld.exe (initiated by: unknown): Normal shutdown
2022-10-01 23:54:13 0 [Note] InnoDB: FTS optimize thread exiting.
2022-10-01 23:54:13 0 [Note] InnoDB: Starting shutdown...
2022-10-01 23:54:13 0 [Note] InnoDB: Dumping buffer pool(s) to C:\Users\tkdeh\Downloads\maridb\data\ib_buffer_pool
2022-10-01 23:54:13 0 [Note] InnoDB: Buffer pool(s) dump completed at 221001 23:54:13
2022-10-01 23:54:14 0 [Note] InnoDB: Removed temporary tablespace data file: "./ibtmp1"
2022-10-01 23:54:14 0 [Note] InnoDB: Shutdown completed; log sequence number 46688; transaction id 15
2022-10-01 23:54:14 0 [Note] C:\Users\tkdeh\Downloads\maridb\bin\mysqld.exe: Shutdown complete

2022-10-01 23:54:52 0 [Note] InnoDB: Compressed tables use zlib 1.2.12
2022-10-01 23:54:52 0 [Note] InnoDB: Number of transaction pools: 1
2022-10-01 23:54:52 0 [Note] InnoDB: Using crc32 + pclmulqdq instructions
2022-10-01 23:54:52 0 [Note] InnoDB: Initializing buffer pool, total size = 1.990GiB, chunk size = 31.844MiB
2022-10-01 23:54:52 0 [Note] InnoDB: Completed initialization of buffer pool
2022-10-01 23:54:52 0 [Note] InnoDB: File system buffers for log disabled (block size=512 bytes)
2022-10-01 23:54:52 0 [Note] InnoDB: 128 rollback segments are active.
2022-10-01 23:54:52 0 [Note] InnoDB: Setting file './ibtmp1' size to 12.000MiB. Physically writing the file full; Please wait ...
2022-10-01 23:54:52 0 [Note] InnoDB: File './ibtmp1' size is now 12.000MiB.
2022-10-01 23:54:52 0 [Note] InnoDB: log sequence number 46688; transaction id 14
2022-10-01 23:54:52 0 [Note] Plugin 'FEEDBACK' is disabled.
2022-10-01 23:54:52 0 [Note] mysqld.exe: SSPI: using principal name 'localhost', mech 'Negotiate'
2022-10-01 23:54:52 0 [Note] InnoDB: Loading buffer pool(s) from C:\Users\tkdeh\Downloads\maridb\data\ib_buffer_pool
2022-10-01 23:54:52 0 [Note] Server socket created on IP: '::'.
2022-10-01 23:54:52 0 [Note] Server socket created on IP: '0.0.0.0'.
2022-10-01 23:54:52 0 [Note] InnoDB: Buffer pool(s) load completed at 221001 23:54:52
2022-10-01 23:54:52 0 [Note] C:\Users\tkdeh\Downloads\maridb\bin\mysqld.exe: ready for connections.
Version: '10.11.0-MariaDB'  socket: ''  port: 3306  mariadb.org binary distribution
2022-10-02  1:31:29 3 [Warning] IP address '205.210.31.141' could not be resolved: 알려진 호스트가 없습니다. 
2022-10-02  1:31:29 3 [Warning] Aborted connection 3 to db: 'unconnected' user: 'unauthenticated' host: '205.210.31.141' (This connection closed normally without authentication)
2022-10-02  1:58:53 4 [Warning] Hostname 'zg-0930a-146.stretchoid.com' does not resolve to '192.241.217.39'.
2022-10-02  1:58:53 4 [Note] Hostname 'zg-0930a-146.stretchoid.com' has the following IP addresses:
2022-10-02  1:58:53 4 [Note]  - 127.0.0.1
2022-10-02  1:58:53 4 [Warning] Aborted connection 4 to db: 'unconnected' user: 'unauthenticated' host: '192.241.217.39' (This connection closed normally without authentication)
2022-10-02 15:58:12 0 [Note] InnoDB: Compressed tables use zlib 1.2.12
2022-10-02 15:58:12 0 [Note] InnoDB: Number of transaction pools: 1
2022-10-02 15:58:12 0 [Note] InnoDB: Using crc32 + pclmulqdq instructions
2022-10-02 15:58:12 0 [Note] InnoDB: Initializing buffer pool, total size = 1.990GiB, chunk size = 31.844MiB
2022-10-02 15:58:12 0 [Note] InnoDB: Completed initialization of buffer pool
2022-10-02 15:58:12 0 [Note] InnoDB: File system buffers for log disabled (block size=512 bytes)
2022-10-02 15:58:12 0 [Note] InnoDB: 128 rollback segments are active.
2022-10-02 15:58:12 0 [Note] InnoDB: Removed temporary tablespace data file: "./ibtmp1"
2022-10-02 15:58:12 0 [Note] InnoDB: Setting file './ibtmp1' size to 12.000MiB. Physically writing the file full; Please wait ...
2022-10-02 15:58:12 0 [Note] InnoDB: File './ibtmp1' size is now 12.000MiB.
2022-10-02 15:58:12 0 [Note] InnoDB: log sequence number 46688; transaction id 14
2022-10-02 15:58:12 0 [Note] Plugin 'FEEDBACK' is disabled.
2022-10-02 15:58:12 0 [Note] mysqld.exe: SSPI: using principal name 'localhost', mech 'Negotiate'
2022-10-02 15:58:12 0 [Note] InnoDB: Loading buffer pool(s) from C:\Users\tkdeh\Downloads\maridb\data\ib_buffer_pool
2022-10-02 15:58:12 0 [Note] Server socket created on IP: '::'.
2022-10-02 15:58:12 0 [Note] Server socket created on IP: '0.0.0.0'.
2022-10-02 15:58:12 0 [Note] InnoDB: Buffer pool(s) load completed at 221002 15:58:12
2022-10-02 15:58:12 0 [Note] C:\Users\tkdeh\Downloads\maridb\bin\mysqld.exe: ready for connections.
Version: '10.11.0-MariaDB'  socket: ''  port: 3306  mariadb.org binary distribution
2022-10-02 16:45:33 3 [Warning] Hostname 'internettl.org' does not resolve to '104.152.52.96'.
2022-10-02 16:45:33 3 [Note] Hostname 'internettl.org' has the following IP addresses:
2022-10-02 16:45:33 3 [Note]  - 162.255.119.131
2022-10-02 16:45:33 3 [Warning] Aborted connection 3 to db: 'unconnected' user: 'unauthenticated' host: '104.152.52.96' (This connection closed normally without authentication)
2022-10-02 17:25:16 4 [Warning] Aborted connection 4 to db: 'unconnected' user: 'unauthenticated' host: 'scanner-26.ch1.censys-scanner.com' (This connection closed normally without authentication)
2022-10-02 17:52:37 5 [Warning] Hostname 'zg-0930d-92.stretchoid.com' does not resolve to '192.241.207.221'.
2022-10-02 17:52:37 5 [Note] Hostname 'zg-0930d-92.stretchoid.com' has the following IP addresses:
2022-10-02 17:52:37 5 [Note]  - 127.0.0.1
2022-10-02 17:52:37 5 [Warning] Aborted connection 5 to db: 'unconnected' user: 'unauthenticated' host: '192.241.207.221' (This connection closed normally without authentication)
2022-10-02 18:47:10 6 [Warning] IP address '83.229.82.155' could not be resolved: 알려진 호스트가 없습니다. 
2022-10-02 18:47:10 6 [Warning] Aborted connection 6 to db: 'unconnected' user: 'unauthenticated' host: '83.229.82.155' (This connection closed normally without authentication)
2022-10-02 18:49:08 7 [Warning] Aborted connection 7 to db: 'unconnected' user: 'unauthenticated' host: '83.229.82.155' (This connection closed normally without authentication)
2022-10-02 19:03:31 8 [Warning] Hostname 'zg-0930e-192.stretchoid.com' does not resolve to '192.241.213.101'.
2022-10-02 19:03:31 8 [Note] Hostname 'zg-0930e-192.stretchoid.com' has the following IP addresses:
2022-10-02 19:03:31 8 [Note]  - 127.0.0.1
2022-10-02 19:03:31 8 [Warning] Aborted connection 8 to db: 'unconnected' user: 'unauthenticated' host: '192.241.213.101' (This connection closed normally without authentication)
2022-10-03  0:11:03 9 [Warning] Aborted connection 9 to db: 'unconnected' user: 'unauthenticated' host: 'prod-jerry-se-scanners-li-eu-west-42.li.binaryedge.ninja' (This connection closed normally without authentication)
2022-10-03 20:08:24 0 [Note] InnoDB: Compressed tables use zlib 1.2.12
2022-10-03 20:08:24 0 [Note] InnoDB: Number of transaction pools: 1
2022-10-03 20:08:24 0 [Note] InnoDB: Using crc32 + pclmulqdq instructions
2022-10-03 20:08:24 0 [Note] InnoDB: Initializing buffer pool, total size = 1.990GiB, chunk size = 31.844MiB
2022-10-03 20:08:24 0 [Note] InnoDB: Completed initialization of buffer pool
2022-10-03 20:08:24 0 [Note] InnoDB: File system buffers for log disabled (block size=512 bytes)
2022-10-03 20:08:24 0 [Note] InnoDB: 128 rollback segments are active.
2022-10-03 20:08:24 0 [Note] InnoDB: Removed temporary tablespace data file: "./ibtmp1"
2022-10-03 20:08:24 0 [Note] InnoDB: Setting file './ibtmp1' size to 12.000MiB. Physically writing the file full; Please wait ...
2022-10-03 20:08:24 0 [Note] InnoDB: File './ibtmp1' size is now 12.000MiB.
2022-10-03 20:08:24 0 [Note] InnoDB: log sequence number 46688; transaction id 14
2022-10-03 20:08:24 0 [Note] Plugin 'FEEDBACK' is disabled.
2022-10-03 20:08:24 0 [Note] mysqld.exe: SSPI: using principal name 'localhost', mech 'Negotiate'
2022-10-03 20:08:24 0 [Note] InnoDB: Loading buffer pool(s) from C:\Users\tkdeh\Downloads\maridb\data\ib_buffer_pool
2022-10-03 20:08:24 0 [Note] Server socket created on IP: '::'.
2022-10-03 20:08:24 0 [Note] Server socket created on IP: '0.0.0.0'.
2022-10-03 20:08:24 0 [Note] InnoDB: Buffer pool(s) load completed at 221003 20:08:24
2022-10-03 20:08:24 0 [Note] C:\Users\tkdeh\Downloads\maridb\bin\mysqld.exe: ready for connections.
Version: '10.11.0-MariaDB'  socket: ''  port: 3306  mariadb.org binary distribution
2022-10-03 21:34:03 3 [Warning] IP address '118.193.59.59' could not be resolved: 알려진 호스트가 없습니다. 
2022-10-03 21:34:03 3 [Warning] Aborted connection 3 to db: 'unconnected' user: 'unauthenticated' host: '118.193.59.59' (This connection closed normally without authentication)
2022-10-04 16:46:34 4 [Warning] Hostname 'zg-0930d-85.stretchoid.com' does not resolve to '192.241.207.189'.
2022-10-04 16:46:34 4 [Note] Hostname 'zg-0930d-85.stretchoid.com' has the following IP addresses:
2022-10-04 16:46:34 4 [Note]  - 127.0.0.1
2022-10-04 16:46:34 4 [Warning] Aborted connection 4 to db: 'unconnected' user: 'unauthenticated' host: '192.241.207.189' (This connection closed normally without authentication)
2022-10-04 18:38:38 5 [Warning] IP address '142.93.18.147' could not be resolved: 알려진 호스트가 없습니다. 
2022-10-04 18:38:38 5 [Warning] Aborted connection 5 to db: 'unconnected' user: 'unauthenticated' host: '142.93.18.147' (This connection closed normally without authentication)
2022-10-05  1:40:31 6 [Warning] IP address '198.235.24.23' could not be resolved: 알려진 호스트가 없습니다. 
2022-10-05  1:40:31 6 [Warning] Aborted connection 6 to db: 'unconnected' user: 'unauthenticated' host: '198.235.24.23' (This connection closed normally without authentication)
2022-10-05  1:42:25 7 [Warning] Aborted connection 7 to db: 'unconnected' user: 'unauthenticated' host: 'ec2-18-142-154-74.ap-southeast-1.compute.amazonaws.com' (This connection closed normally without authentication)
2022-10-05  1:42:25 8 [Warning] Aborted connection 8 to db: 'unconnected' user: 'unauthenticated' host: 'ec2-18-142-154-74.ap-southeast-1.compute.amazonaws.com' (This connection closed normally without authentication)
2022-10-05  1:42:25 9 [Warning] Aborted connection 9 to db: 'unconnected' user: 'unauthenticated' host: 'ec2-18-142-154-74.ap-southeast-1.compute.amazonaws.com' (This connection closed normally without authentication)
2022-10-05  1:42:25 10 [Warning] Aborted connection 10 to db: 'unconnected' user: 'unauthenticated' host: 'ec2-18-142-154-74.ap-southeast-1.compute.amazonaws.com' (This connection closed normally without authentication)
2022-10-05  1:42:25 11 [Warning] Aborted connection 11 to db: 'unconnected' user: 'unauthenticated' host: 'ec2-18-142-154-74.ap-southeast-1.compute.amazonaws.com' (This connection closed normally without authentication)
2022-10-05  1:42:25 12 [Warning] Aborted connection 12 to db: 'unconnected' user: 'unauthenticated' host: 'ec2-18-142-154-74.ap-southeast-1.compute.amazonaws.com' (This connection closed normally without authentication)
2022-10-05  1:42:26 13 [Warning] Aborted connection 13 to db: 'unconnected' user: 'unauthenticated' host: 'ec2-18-142-154-74.ap-southeast-1.compute.amazonaws.com' (This connection closed normally without authentication)
2022-10-05  1:42:26 14 [Warning] Aborted connection 14 to db: 'unconnected' user: 'unauthenticated' host: 'ec2-18-142-154-74.ap-southeast-1.compute.amazonaws.com' (This connection closed normally without authentication)
2022-10-05  1:42:26 15 [Warning] Aborted connection 15 to db: 'unconnected' user: 'unauthenticated' host: 'ec2-18-142-154-74.ap-southeast-1.compute.amazonaws.com' (This connection closed normally without authentication)
2022-10-05  1:42:26 16 [Warning] Aborted connection 16 to db: 'unconnected' user: 'unauthenticated' host: 'ec2-18-142-154-74.ap-southeast-1.compute.amazonaws.com' (This connection closed normally without authentication)
2022-10-05  1:42:26 17 [Warning] Aborted connection 17 to db: 'unconnected' user: 'unauthenticated' host: 'ec2-18-142-154-74.ap-southeast-1.compute.amazonaws.com' (This connection closed normally without authentication)
2022-10-05  1:42:26 18 [Warning] Aborted connection 18 to db: 'unconnected' user: 'unauthenticated' host: 'ec2-18-142-154-74.ap-southeast-1.compute.amazonaws.com' (This connection closed normally without authentication)
2022-10-05  1:42:26 19 [Warning] Aborted connection 19 to db: 'unconnected' user: 'unauthenticated' host: 'ec2-18-142-154-74.ap-southeast-1.compute.amazonaws.com' (This connection closed normally without authentication)
2022-10-05  1:42:27 20 [Warning] Aborted connection 20 to db: 'unconnected' user: 'unauthenticated' host: 'ec2-18-142-154-74.ap-southeast-1.compute.amazonaws.com' (This connection closed normally without authentication)
2022-10-05  1:42:27 21 [Warning] Aborted connection 21 to db: 'unconnected' user: 'unauthenticated' host: 'ec2-18-142-154-74.ap-southeast-1.compute.amazonaws.com' (This connection closed normally without authentication)
2022-10-05  1:42:27 22 [Warning] Aborted connection 22 to db: 'unconnected' user: 'unauthenticated' host: 'ec2-18-142-154-74.ap-southeast-1.compute.amazonaws.com' (This connection closed normally without authentication)
2022-10-05  1:42:27 23 [Warning] Aborted connection 23 to db: 'unconnected' user: 'unauthenticated' host: 'ec2-18-142-154-74.ap-southeast-1.compute.amazonaws.com' (This connection closed normally without authentication)
2022-10-05  1:42:27 24 [Warning] Aborted connection 24 to db: 'unconnected' user: 'unauthenticated' host: 'ec2-18-142-154-74.ap-southeast-1.compute.amazonaws.com' (This connection closed normally without authentication)
2022-10-05  1:42:27 25 [Warning] Aborted connection 25 to db: 'unconnected' user: 'unauthenticated' host: 'ec2-18-142-154-74.ap-southeast-1.compute.amazonaws.com' (This connection closed normally without authentication)
2022-10-05  1:42:28 26 [Warning] Aborted connection 26 to db: 'unconnected' user: 'unauthenticated' host: 'ec2-18-142-154-74.ap-southeast-1.compute.amazonaws.com' (This connection closed normally without authentication)
2022-10-05  1:42:28 27 [Warning] Aborted connection 27 to db: 'unconnected' user: 'unauthenticated' host: 'ec2-18-142-154-74.ap-southeast-1.compute.amazonaws.com' (This connection closed normally without authentication)
2022-10-05  1:42:28 28 [Warning] Aborted connection 28 to db: 'unconnected' user: 'unauthenticated' host: 'ec2-18-142-154-74.ap-southeast-1.compute.amazonaws.com' (This connection closed normally without authentication)
2022-10-05  1:42:28 29 [Warning] Aborted connection 29 to db: 'unconnected' user: 'unauthenticated' host: 'ec2-18-142-154-74.ap-southeast-1.compute.amazonaws.com' (This connection closed normally without authentication)
2022-10-05  1:42:28 30 [Warning] Aborted connection 30 to db: 'unconnected' user: 'unauthenticated' host: 'ec2-18-142-154-74.ap-southeast-1.compute.amazonaws.com' (This connection closed normally without authentication)
2022-10-05  1:42:28 31 [Warning] Aborted connection 31 to db: 'unconnected' user: 'unauthenticated' host: 'ec2-18-142-154-74.ap-southeast-1.compute.amazonaws.com' (This connection closed normally without authentication)
2022-10-05  1:42:28 32 [Warning] Aborted connection 32 to db: 'unconnected' user: 'unauthenticated' host: 'ec2-18-142-154-74.ap-southeast-1.compute.amazonaws.com' (This connection closed normally without authentication)
2022-10-05  1:42:29 33 [Warning] Aborted connection 33 to db: 'unconnected' user: 'unauthenticated' host: 'ec2-18-142-154-74.ap-southeast-1.compute.amazonaws.com' (This connection closed normally without authentication)
2022-10-05  1:42:29 34 [Warning] Aborted connection 34 to db: 'unconnected' user: 'unauthenticated' host: 'ec2-18-142-154-74.ap-southeast-1.compute.amazonaws.com' (This connection closed normally without authentication)
2022-10-05  1:42:29 35 [Warning] Aborted connection 35 to db: 'unconnected' user: 'unauthenticated' host: 'ec2-18-142-154-74.ap-southeast-1.compute.amazonaws.com' (This connection closed normally without authentication)
2022-10-05  1:42:29 36 [Warning] Aborted connection 36 to db: 'unconnected' user: 'unauthenticated' host: 'ec2-18-142-154-74.ap-southeast-1.compute.amazonaws.com' (This connection closed normally without authentication)
2022-10-05  1:42:29 37 [Warning] Aborted connection 37 to db: 'unconnected' user: 'unauthenticated' host: 'ec2-18-142-154-74.ap-southeast-1.compute.amazonaws.com' (This connection closed normally without authentication)
2022-10-05  1:42:29 38 [Warning] Aborted connection 38 to db: 'unconnected' user: 'unauthenticated' host: 'ec2-18-142-154-74.ap-southeast-1.compute.amazonaws.com' (This connection closed normally without authentication)
2022-10-05  1:42:30 39 [Warning] Aborted connection 39 to db: 'unconnected' user: 'unauthenticated' host: 'ec2-18-142-154-74.ap-southeast-1.compute.amazonaws.com' (This connection closed normally without authentication)
2022-10-05  1:42:30 40 [Warning] Aborted connection 40 to db: 'unconnected' user: 'unauthenticated' host: 'ec2-18-142-154-74.ap-southeast-1.compute.amazonaws.com' (This connection closed normally without authentication)
2022-10-05  1:42:30 41 [Warning] Aborted connection 41 to db: 'unconnected' user: 'unauthenticated' host: 'ec2-18-142-154-74.ap-southeast-1.compute.amazonaws.com' (This connection closed normally without authentication)
2022-10-05  1:42:30 42 [Warning] Aborted connection 42 to db: 'unconnected' user: 'unauthenticated' host: 'ec2-18-142-154-74.ap-southeast-1.compute.amazonaws.com' (This connection closed normally without authentication)
2022-10-05  1:42:30 43 [Warning] Aborted connection 43 to db: 'unconnected' user: 'unauthenticated' host: 'ec2-18-142-154-74.ap-southeast-1.compute.amazonaws.com' (This connection closed normally without authentication)
2022-10-05  1:42:30 44 [Warning] Aborted connection 44 to db: 'unconnected' user: 'unauthenticated' host: 'ec2-18-142-154-74.ap-southeast-1.compute.amazonaws.com' (This connection closed normally without authentication)
2022-10-05  1:42:30 45 [Warning] Aborted connection 45 to db: 'unconnected' user: 'unauthenticated' host: 'ec2-18-142-154-74.ap-southeast-1.compute.amazonaws.com' (This connection closed normally without authentication)
2022-10-05  1:42:31 46 [Warning] Aborted connection 46 to db: 'unconnected' user: 'unauthenticated' host: 'ec2-18-142-154-74.ap-southeast-1.compute.amazonaws.com' (This connection closed normally without authentication)
2022-10-05  1:42:31 47 [Warning] Aborted connection 47 to db: 'unconnected' user: 'unauthenticated' host: 'ec2-18-142-154-74.ap-southeast-1.compute.amazonaws.com' (This connection closed normally without authentication)
2022-10-05  1:42:31 48 [Warning] Aborted connection 48 to db: 'unconnected' user: 'unauthenticated' host: 'ec2-18-142-154-74.ap-southeast-1.compute.amazonaws.com' (This connection closed normally without authentication)
2022-10-05  1:42:31 49 [Warning] Aborted connection 49 to db: 'unconnected' user: 'unauthenticated' host: 'ec2-18-142-154-74.ap-southeast-1.compute.amazonaws.com' (This connection closed normally without authentication)
2022-10-05  1:42:31 50 [Warning] Aborted connection 50 to db: 'unconnected' user: 'unauthenticated' host: 'ec2-18-142-154-74.ap-southeast-1.compute.amazonaws.com' (This connection closed normally without authentication)
2022-10-05  1:42:31 51 [Warning] Aborted connection 51 to db: 'unconnected' user: 'unauthenticated' host: 'ec2-18-142-154-74.ap-southeast-1.compute.amazonaws.com' (This connection closed normally without authentication)
2022-10-05  1:42:32 52 [Warning] Aborted connection 52 to db: 'unconnected' user: 'unauthenticated' host: 'ec2-18-142-154-74.ap-southeast-1.compute.amazonaws.com' (This connection closed normally without authentication)
2022-10-05  1:42:32 53 [Warning] Aborted connection 53 to db: 'unconnected' user: 'unauthenticated' host: 'ec2-18-142-154-74.ap-southeast-1.compute.amazonaws.com' (This connection closed normally without authentication)
2022-10-05  1:42:32 54 [Warning] Aborted connection 54 to db: 'unconnected' user: 'unauthenticated' host: 'ec2-18-142-154-74.ap-southeast-1.compute.amazonaws.com' (This connection closed normally without authentication)
2022-10-05  1:42:32 55 [Warning] Aborted connection 55 to db: 'unconnected' user: 'unauthenticated' host: 'ec2-18-142-154-74.ap-southeast-1.compute.amazonaws.com' (This connection closed normally without authentication)
2022-10-05  1:42:32 56 [Warning] Aborted connection 56 to db: 'unconnected' user: 'unauthenticated' host: 'ec2-18-142-154-74.ap-southeast-1.compute.amazonaws.com' (This connection closed normally without authentication)
2022-10-05  1:42:32 57 [Warning] Aborted connection 57 to db: 'unconnected' user: 'unauthenticated' host: 'ec2-18-142-154-74.ap-southeast-1.compute.amazonaws.com' (This connection closed normally without authentication)
2022-10-05  1:42:32 58 [Warning] Aborted connection 58 to db: 'unconnected' user: 'unauthenticated' host: 'ec2-18-142-154-74.ap-southeast-1.compute.amazonaws.com' (This connection closed normally without authentication)
2022-10-05  1:42:33 59 [Warning] Aborted connection 59 to db: 'unconnected' user: 'unauthenticated' host: 'ec2-18-142-154-74.ap-southeast-1.compute.amazonaws.com' (This connection closed normally without authentication)
2022-10-05  1:42:33 60 [Warning] Aborted connection 60 to db: 'unconnected' user: 'unauthenticated' host: 'ec2-18-142-154-74.ap-southeast-1.compute.amazonaws.com' (This connection closed normally without authentication)
2022-10-05  1:42:33 61 [Warning] Aborted connection 61 to db: 'unconnected' user: 'unauthenticated' host: 'ec2-18-142-154-74.ap-southeast-1.compute.amazonaws.com' (This connection closed normally without authentication)
2022-10-05  1:42:33 62 [Warning] Aborted connection 62 to db: 'unconnected' user: 'unauthenticated' host: 'ec2-18-142-154-74.ap-southeast-1.compute.amazonaws.com' (This connection closed normally without authentication)
2022-10-05  1:42:33 63 [Warning] Aborted connection 63 to db: 'unconnected' user: 'unauthenticated' host: 'ec2-18-142-154-74.ap-southeast-1.compute.amazonaws.com' (This connection closed normally without authentication)
2022-10-05  1:42:33 64 [Warning] Aborted connection 64 to db: 'unconnected' user: 'unauthenticated' host: 'ec2-18-142-154-74.ap-southeast-1.compute.amazonaws.com' (This connection closed normally without authentication)
2022-10-05  1:42:33 65 [Warning] Aborted connection 65 to db: 'unconnected' user: 'unauthenticated' host: 'ec2-18-142-154-74.ap-southeast-1.compute.amazonaws.com' (This connection closed normally without authentication)
2022-10-05  1:42:34 66 [Warning] Aborted connection 66 to db: 'unconnected' user: 'unauthenticated' host: 'ec2-18-142-154-74.ap-southeast-1.compute.amazonaws.com' (This connection closed normally without authentication)
2022-10-05  1:42:34 67 [Warning] Aborted connection 67 to db: 'unconnected' user: 'unauthenticated' host: 'ec2-18-142-154-74.ap-southeast-1.compute.amazonaws.com' (This connection closed normally without authentication)
2022-10-05  1:42:34 68 [Warning] Aborted connection 68 to db: 'unconnected' user: 'unauthenticated' host: 'ec2-18-142-154-74.ap-southeast-1.compute.amazonaws.com' (This connection closed normally without authentication)
2022-10-05  1:42:34 69 [Warning] Aborted connection 69 to db: 'unconnected' user: 'unauthenticated' host: 'ec2-18-142-154-74.ap-southeast-1.compute.amazonaws.com' (This connection closed normally without authentication)
2022-10-05  1:42:34 70 [Warning] Aborted connection 70 to db: 'unconnected' user: 'unauthenticated' host: 'ec2-18-142-154-74.ap-southeast-1.compute.amazonaws.com' (This connection closed normally without authentication)
2022-10-05  1:42:34 71 [Warning] Aborted connection 71 to db: 'unconnected' user: 'unauthenticated' host: 'ec2-18-142-154-74.ap-southeast-1.compute.amazonaws.com' (This connection closed normally without authentication)
2022-10-05  1:42:35 72 [Warning] Aborted connection 72 to db: 'unconnected' user: 'unauthenticated' host: 'ec2-18-142-154-74.ap-southeast-1.compute.amazonaws.com' (This connection closed normally without authentication)
2022-10-05  1:42:35 73 [Warning] Aborted connection 73 to db: 'unconnected' user: 'unauthenticated' host: 'ec2-18-142-154-74.ap-southeast-1.compute.amazonaws.com' (This connection closed normally without authentication)
2022-10-05  1:42:35 74 [Warning] Aborted connection 74 to db: 'unconnected' user: 'unauthenticated' host: 'ec2-18-142-154-74.ap-southeast-1.compute.amazonaws.com' (This connection closed normally without authentication)
2022-10-05  1:42:35 75 [Warning] Aborted connection 75 to db: 'unconnected' user: 'unauthenticated' host: 'ec2-18-142-154-74.ap-southeast-1.compute.amazonaws.com' (This connection closed normally without authentication)
2022-10-05  1:42:35 76 [Warning] Aborted connection 76 to db: 'unconnected' user: 'unauthenticated' host: 'ec2-18-142-154-74.ap-southeast-1.compute.amazonaws.com' (This connection closed normally without authentication)
2022-10-05  1:42:35 77 [Warning] Aborted connection 77 to db: 'unconnected' user: 'unauthenticated' host: 'ec2-18-142-154-74.ap-southeast-1.compute.amazonaws.com' (This connection closed normally without authentication)
2022-10-05  1:42:35 78 [Warning] Aborted connection 78 to db: 'unconnected' user: 'unauthenticated' host: 'ec2-18-142-154-74.ap-southeast-1.compute.amazonaws.com' (This connection closed normally without authentication)
2022-10-05  1:42:36 79 [Warning] Aborted connection 79 to db: 'unconnected' user: 'unauthenticated' host: 'ec2-18-142-154-74.ap-southeast-1.compute.amazonaws.com' (This connection closed normally without authentication)
2022-10-05  1:42:36 80 [Warning] Aborted connection 80 to db: 'unconnected' user: 'unauthenticated' host: 'ec2-18-142-154-74.ap-southeast-1.compute.amazonaws.com' (This connection closed normally without authentication)
2022-10-05  1:42:36 81 [Warning] Aborted connection 81 to db: 'unconnected' user: 'unauthenticated' host: 'ec2-18-142-154-74.ap-southeast-1.compute.amazonaws.com' (This connection closed normally without authentication)
2022-10-05  1:42:36 82 [Warning] Aborted connection 82 to db: 'unconnected' user: 'unauthenticated' host: 'ec2-18-142-154-74.ap-southeast-1.compute.amazonaws.com' (This connection closed normally without authentication)
2022-10-05  1:42:36 83 [Warning] Aborted connection 83 to db: 'unconnected' user: 'unauthenticated' host: 'ec2-18-142-154-74.ap-southeast-1.compute.amazonaws.com' (This connection closed normally without authentication)
2022-10-05  1:42:36 84 [Warning] Aborted connection 84 to db: 'unconnected' user: 'unauthenticated' host: 'ec2-18-142-154-74.ap-southeast-1.compute.amazonaws.com' (This connection closed normally without authentication)
2022-10-05  1:42:37 85 [Warning] Aborted connection 85 to db: 'unconnected' user: 'unauthenticated' host: 'ec2-18-142-154-74.ap-southeast-1.compute.amazonaws.com' (This connection closed normally without authentication)
2022-10-05  1:42:37 86 [Warning] Aborted connection 86 to db: 'unconnected' user: 'unauthenticated' host: 'ec2-18-142-154-74.ap-southeast-1.compute.amazonaws.com' (This connection closed normally without authentication)
2022-10-05  1:42:37 87 [Warning] Aborted connection 87 to db: 'unconnected' user: 'unauthenticated' host: 'ec2-18-142-154-74.ap-southeast-1.compute.amazonaws.com' (This connection closed normally without authentication)
2022-10-05  1:42:37 88 [Warning] Aborted connection 88 to db: 'unconnected' user: 'unauthenticated' host: 'ec2-18-142-154-74.ap-southeast-1.compute.amazonaws.com' (This connection closed normally without authentication)
2022-10-05  1:42:37 89 [Warning] Aborted connection 89 to db: 'unconnected' user: 'unauthenticated' host: 'ec2-18-142-154-74.ap-southeast-1.compute.amazonaws.com' (This connection closed normally without authentication)
2022-10-05  1:42:37 90 [Warning] Aborted connection 90 to db: 'unconnected' user: 'unauthenticated' host: 'ec2-18-142-154-74.ap-southeast-1.compute.amazonaws.com' (This connection closed normally without authentication)
2022-10-05  1:42:37 91 [Warning] Aborted connection 91 to db: 'unconnected' user: 'unauthenticated' host: 'ec2-18-142-154-74.ap-southeast-1.compute.amazonaws.com' (This connection closed normally without authentication)
2022-10-05  1:42:38 92 [Warning] Aborted connection 92 to db: 'unconnected' user: 'unauthenticated' host: 'ec2-18-142-154-74.ap-southeast-1.compute.amazonaws.com' (This connection closed normally without authentication)
2022-10-05  1:42:38 93 [Warning] Aborted connection 93 to db: 'unconnected' user: 'unauthenticated' host: 'ec2-18-142-154-74.ap-southeast-1.compute.amazonaws.com' (This connection closed normally without authentication)
2022-10-05  1:42:38 94 [Warning] Aborted connection 94 to db: 'unconnected' user: 'unauthenticated' host: 'ec2-18-142-154-74.ap-southeast-1.compute.amazonaws.com' (This connection closed normally without authentication)
2022-10-05  1:42:38 95 [Warning] Aborted connection 95 to db: 'unconnected' user: 'unauthenticated' host: 'ec2-18-142-154-74.ap-southeast-1.compute.amazonaws.com' (This connection closed normally without authentication)
2022-10-05  1:42:38 96 [Warning] Aborted connection 96 to db: 'unconnected' user: 'unauthenticated' host: 'ec2-18-142-154-74.ap-southeast-1.compute.amazonaws.com' (This connection closed normally without authentication)
2022-10-05  1:42:38 97 [Warning] Aborted connection 97 to db: 'unconnected' user: 'unauthenticated' host: 'ec2-18-142-154-74.ap-southeast-1.compute.amazonaws.com' (This connection closed normally without authentication)
2022-10-05  1:42:38 98 [Warning] Aborted connection 98 to db: 'unconnected' user: 'unauthenticated' host: 'ec2-18-142-154-74.ap-southeast-1.compute.amazonaws.com' (This connection closed normally without authentication)
2022-10-05  1:42:39 99 [Warning] Aborted connection 99 to db: 'unconnected' user: 'unauthenticated' host: 'ec2-18-142-154-74.ap-southeast-1.compute.amazonaws.com' (This connection closed normally without authentication)
2022-10-05  1:42:39 100 [Warning] Aborted connection 100 to db: 'unconnected' user: 'unauthenticated' host: 'ec2-18-142-154-74.ap-southeast-1.compute.amazonaws.com' (This connection closed normally without authentication)
2022-10-05  1:42:39 101 [Warning] Aborted connection 101 to db: 'unconnected' user: 'unauthenticated' host: 'ec2-18-142-154-74.ap-southeast-1.compute.amazonaws.com' (This connection closed normally without authentication)
2022-10-05  1:42:39 102 [Warning] Aborted connection 102 to db: 'unconnected' user: 'unauthenticated' host: 'ec2-18-142-154-74.ap-southeast-1.compute.amazonaws.com' (This connection closed normally without authentication)
2022-10-05  1:42:39 103 [Warning] Aborted connection 103 to db: 'unconnected' user: 'unauthenticated' host: 'ec2-18-142-154-74.ap-southeast-1.compute.amazonaws.com' (This connection closed normally without authentication)
2022-10-05  1:42:39 104 [Warning] Aborted connection 104 to db: 'unconnected' user: 'unauthenticated' host: 'ec2-18-142-154-74.ap-southeast-1.compute.amazonaws.com' (This connection closed normally without authentication)
2022-10-05  1:42:40 105 [Warning] Aborted connection 105 to db: 'unconnected' user: 'unauthenticated' host: 'ec2-18-142-154-74.ap-southeast-1.compute.amazonaws.com' (This connection closed normally without authentication)
2022-10-05  1:42:40 106 [Warning] Aborted connection 106 to db: 'unconnected' user: 'unauthenticated' host: 'ec2-18-142-154-74.ap-southeast-1.compute.amazonaws.com' (This connection closed normally without authentication)
2022-10-05  1:42:40 107 [Warning] Aborted connection 107 to db: 'unconnected' user: 'unauthenticated' host: 'ec2-18-142-154-74.ap-southeast-1.compute.amazonaws.com' (This connection closed normally without authentication)
2022-10-05  1:42:40 108 [Warning] Aborted connection 108 to db: 'unconnected' user: 'unauthenticated' host: 'ec2-18-142-154-74.ap-southeast-1.compute.amazonaws.com' (This connection closed normally without authentication)
2022-10-05  1:42:40 109 [Warning] Aborted connection 109 to db: 'unconnected' user: 'unauthenticated' host: 'ec2-18-142-154-74.ap-southeast-1.compute.amazonaws.com' (This connection closed normally without authentication)
2022-10-05  1:42:40 110 [Warning] Aborted connection 110 to db: 'unconnected' user: 'unauthenticated' host: 'ec2-18-142-154-74.ap-southeast-1.compute.amazonaws.com' (This connection closed normally without authentication)
2022-10-05  1:42:40 111 [Warning] Aborted connection 111 to db: 'unconnected' user: 'unauthenticated' host: 'ec2-18-142-154-74.ap-southeast-1.compute.amazonaws.com' (This connection closed normally without authentication)
2022-10-05  1:42:41 112 [Warning] Aborted connection 112 to db: 'unconnected' user: 'unauthenticated' host: 'ec2-18-142-154-74.ap-southeast-1.compute.amazonaws.com' (This connection closed normally without authentication)
2022-10-05  1:42:41 113 [Warning] Aborted connection 113 to db: 'unconnected' user: 'unauthenticated' host: 'ec2-18-142-154-74.ap-southeast-1.compute.amazonaws.com' (This connection closed normally without authentication)
2022-10-05  1:42:41 114 [Warning] Aborted connection 114 to db: 'unconnected' user: 'unauthenticated' host: 'ec2-18-142-154-74.ap-southeast-1.compute.amazonaws.com' (This connection closed normally without authentication)
2022-10-05  1:42:41 115 [Warning] Aborted connection 115 to db: 'unconnected' user: 'unauthenticated' host: 'ec2-18-142-154-74.ap-southeast-1.compute.amazonaws.com' (This connection closed normally without authentication)
2022-10-05  1:42:41 116 [Warning] Aborted connection 116 to db: 'unconnected' user: 'unauthenticated' host: 'ec2-18-142-154-74.ap-southeast-1.compute.amazonaws.com' (This connection closed normally without authentication)
2022-10-05  1:42:41 117 [Warning] Aborted connection 117 to db: 'unconnected' user: 'unauthenticated' host: 'ec2-18-142-154-74.ap-southeast-1.compute.amazonaws.com' (This connection closed normally without authentication)
2022-10-05  1:42:42 118 [Warning] Aborted connection 118 to db: 'unconnected' user: 'unauthenticated' host: 'ec2-18-142-154-74.ap-southeast-1.compute.amazonaws.com' (This connection closed normally without authentication)
2022-10-05  1:42:42 119 [Warning] Aborted connection 119 to db: 'unconnected' user: 'unauthenticated' host: 'ec2-18-142-154-74.ap-southeast-1.compute.amazonaws.com' (This connection closed normally without authentication)
2022-10-05  1:42:42 120 [Warning] Aborted connection 120 to db: 'unconnected' user: 'unauthenticated' host: 'ec2-18-142-154-74.ap-southeast-1.compute.amazonaws.com' (This connection closed normally without authentication)
2022-10-05  1:42:42 121 [Warning] Aborted connection 121 to db: 'unconnected' user: 'unauthenticated' host: 'ec2-18-142-154-74.ap-southeast-1.compute.amazonaws.com' (This connection closed normally without authentication)
2022-10-05  1:42:42 122 [Warning] Aborted connection 122 to db: 'unconnected' user: 'unauthenticated' host: 'ec2-18-142-154-74.ap-southeast-1.compute.amazonaws.com' (This connection closed normally without authentication)
2022-10-05  1:42:42 123 [Warning] Aborted connection 123 to db: 'unconnected' user: 'unauthenticated' host: 'ec2-18-142-154-74.ap-southeast-1.compute.amazonaws.com' (This connection closed normally without authentication)
2022-10-05  1:42:42 124 [Warning] Aborted connection 124 to db: 'unconnected' user: 'unauthenticated' host: 'ec2-18-142-154-74.ap-southeast-1.compute.amazonaws.com' (This connection closed normally without authentication)
2022-10-05  1:42:43 125 [Warning] Aborted connection 125 to db: 'unconnected' user: 'unauthenticated' host: 'ec2-18-142-154-74.ap-southeast-1.compute.amazonaws.com' (This connection closed normally without authentication)
2022-10-05  1:42:43 126 [Warning] Aborted connection 126 to db: 'unconnected' user: 'unauthenticated' host: 'ec2-18-142-154-74.ap-southeast-1.compute.amazonaws.com' (This connection closed normally without authentication)
2022-10-05  1:42:43 127 [Warning] Aborted connection 127 to db: 'unconnected' user: 'unauthenticated' host: 'ec2-18-142-154-74.ap-southeast-1.compute.amazonaws.com' (This connection closed normally without authentication)
2022-10-05  1:42:43 128 [Warning] Aborted connection 128 to db: 'unconnected' user: 'unauthenticated' host: 'ec2-18-142-154-74.ap-southeast-1.compute.amazonaws.com' (This connection closed normally without authentication)
2022-10-05  1:42:43 129 [Warning] Aborted connection 129 to db: 'unconnected' user: 'unauthenticated' host: 'ec2-18-142-154-74.ap-southeast-1.compute.amazonaws.com' (This connection closed normally without authentication)
2022-10-05  1:42:43 130 [Warning] Aborted connection 130 to db: 'unconnected' user: 'unauthenticated' host: 'ec2-18-142-154-74.ap-southeast-1.compute.amazonaws.com' (This connection closed normally without authentication)
2022-10-05  1:42:43 131 [Warning] Aborted connection 131 to db: 'unconnected' user: 'unauthenticated' host: 'ec2-18-142-154-74.ap-southeast-1.compute.amazonaws.com' (This connection closed normally without authentication)
2022-10-05  1:42:44 132 [Warning] Aborted connection 132 to db: 'unconnected' user: 'unauthenticated' host: 'ec2-18-142-154-74.ap-southeast-1.compute.amazonaws.com' (This connection closed normally without authentication)
2022-10-05  1:42:44 133 [Warning] Aborted connection 133 to db: 'unconnected' user: 'unauthenticated' host: 'ec2-18-142-154-74.ap-southeast-1.compute.amazonaws.com' (This connection closed normally without authentication)
2022-10-05  1:42:44 134 [Warning] Aborted connection 134 to db: 'unconnected' user: 'unauthenticated' host: 'ec2-18-142-154-74.ap-southeast-1.compute.amazonaws.com' (This connection closed normally without authentication)
2022-10-05  1:42:44 135 [Warning] Aborted connection 135 to db: 'unconnected' user: 'unauthenticated' host: 'ec2-18-142-154-74.ap-southeast-1.compute.amazonaws.com' (This connection closed normally without authentication)
2022-10-05  1:42:44 136 [Warning] Aborted connection 136 to db: 'unconnected' user: 'unauthenticated' host: 'ec2-18-142-154-74.ap-southeast-1.compute.amazonaws.com' (This connection closed normally without authentication)
2022-10-05  1:42:44 137 [Warning] Aborted connection 137 to db: 'unconnected' user: 'unauthenticated' host: 'ec2-18-142-154-74.ap-southeast-1.compute.amazonaws.com' (This connection closed normally without authentication)
2022-10-05  1:42:45 138 [Warning] Aborted connection 138 to db: 'unconnected' user: 'unauthenticated' host: 'ec2-18-142-154-74.ap-southeast-1.compute.amazonaws.com' (This connection closed normally without authentication)
2022-10-05  1:42:45 139 [Warning] Aborted connection 139 to db: 'unconnected' user: 'unauthenticated' host: 'ec2-18-142-154-74.ap-southeast-1.compute.amazonaws.com' (This connection closed normally without authentication)
2022-10-05  1:42:45 140 [Warning] Aborted connection 140 to db: 'unconnected' user: 'unauthenticated' host: 'ec2-18-142-154-74.ap-southeast-1.compute.amazonaws.com' (This connection closed normally without authentication)
2022-10-05  1:42:45 141 [Warning] Aborted connection 141 to db: 'unconnected' user: 'unauthenticated' host: 'ec2-18-142-154-74.ap-southeast-1.compute.amazonaws.com' (This connection closed normally without authentication)
2022-10-05  1:42:45 142 [Warning] Aborted connection 142 to db: 'unconnected' user: 'unauthenticated' host: 'ec2-18-142-154-74.ap-southeast-1.compute.amazonaws.com' (This connection closed normally without authentication)
2022-10-05  1:42:45 143 [Warning] Aborted connection 143 to db: 'unconnected' user: 'unauthenticated' host: 'ec2-18-142-154-74.ap-southeast-1.compute.amazonaws.com' (This connection closed normally without authentication)
2022-10-05  2:15:44 144 [Warning] IP address '104.218.164.12' could not be resolved: 알려진 호스트가 없습니다. 
2022-10-05  2:15:44 144 [Warning] Aborted connection 144 to db: 'unconnected' user: 'unauthenticated' host: '104.218.164.12' (This connection closed normally without authentication)
2022-10-05 13:01:04 0 [Note] InnoDB: Compressed tables use zlib 1.2.12
2022-10-05 13:01:04 0 [Note] InnoDB: Number of transaction pools: 1
2022-10-05 13:01:04 0 [Note] InnoDB: Using crc32 + pclmulqdq instructions
2022-10-05 13:01:04 0 [Note] InnoDB: Initializing buffer pool, total size = 1.990GiB, chunk size = 31.844MiB
2022-10-05 13:01:04 0 [Note] InnoDB: Completed initialization of buffer pool
2022-10-05 13:01:04 0 [Note] InnoDB: File system buffers for log disabled (block size=512 bytes)
2022-10-05 13:01:04 0 [Note] InnoDB: 128 rollback segments are active.
2022-10-05 13:01:04 0 [Note] InnoDB: Removed temporary tablespace data file: "./ibtmp1"
2022-10-05 13:01:04 0 [Note] InnoDB: Setting file './ibtmp1' size to 12.000MiB. Physically writing the file full; Please wait ...
2022-10-05 13:01:04 0 [Note] InnoDB: File './ibtmp1' size is now 12.000MiB.
2022-10-05 13:01:04 0 [Note] InnoDB: log sequence number 46688; transaction id 14
2022-10-05 13:01:04 0 [Note] Plugin 'FEEDBACK' is disabled.
2022-10-05 13:01:04 0 [Note] mysqld.exe: SSPI: using principal name 'localhost', mech 'Negotiate'
2022-10-05 13:01:04 0 [Note] InnoDB: Loading buffer pool(s) from C:\Users\tkdeh\Downloads\maridb\data\ib_buffer_pool
2022-10-05 13:01:04 0 [Note] Server socket created on IP: '::'.
2022-10-05 13:01:04 0 [Note] Server socket created on IP: '0.0.0.0'.
2022-10-05 13:01:04 0 [Note] InnoDB: Buffer pool(s) load completed at 221005 13:01:04
2022-10-05 13:01:04 0 [Note] C:\Users\tkdeh\Downloads\maridb\bin\mysqld.exe: ready for connections.
Version: '10.11.0-MariaDB'  socket: ''  port: 3306  mariadb.org binary distribution
2022-10-05 17:44:07 3 [Warning] Hostname 'zg-0930e-128.stretchoid.com' does not resolve to '192.241.212.223'.
2022-10-05 17:44:07 3 [Note] Hostname 'zg-0930e-128.stretchoid.com' has the following IP addresses:
2022-10-05 17:44:07 3 [Note]  - 127.0.0.1
2022-10-05 17:44:07 3 [Warning] Aborted connection 3 to db: 'unconnected' user: 'unauthenticated' host: '192.241.212.223' (This connection closed normally without authentication)
2022-10-05 17:54:55 4 [Warning] Hostname 'zg-0930d-72.stretchoid.com' does not resolve to '192.241.206.226'.
2022-10-05 17:54:55 4 [Note] Hostname 'zg-0930d-72.stretchoid.com' has the following IP addresses:
2022-10-05 17:54:55 4 [Note]  - 127.0.0.1
2022-10-05 17:54:55 4 [Warning] Aborted connection 4 to db: 'unconnected' user: 'unauthenticated' host: '192.241.206.226' (This connection closed normally without authentication)
2022-10-05 18:09:07 5 [Warning] Hostname 'zg-0930i-155.stretchoid.com' does not resolve to '192.241.220.250'.
2022-10-05 18:09:07 5 [Note] Hostname 'zg-0930i-155.stretchoid.com' has the following IP addresses:
2022-10-05 18:09:07 5 [Note]  - 127.0.0.1
2022-10-05 18:09:07 5 [Warning] Aborted connection 5 to db: 'unconnected' user: 'unauthenticated' host: '192.241.220.250' (This connection closed normally without authentication)
2022-10-05 20:02:06 6 [Warning] Aborted connection 6 to db: 'unconnected' user: 'unauthenticated' host: 'scanner-08.ch1.censys-scanner.com' (This connection closed normally without authentication)
2022-10-05 21:32:06 7 [Warning] IP address '118.38.180.197' could not be resolved: 알려진 호스트가 없습니다. 
2022-10-05 21:32:06 7 [Warning] Aborted connection 7 to db: 'unconnected' user: 'unauthenticated' host: '118.38.180.197' (This connection closed normally without authentication)
2022-10-05 21:32:06 8 [Warning] Aborted connection 8 to db: 'unconnected' user: 'unauthenticated' host: '118.38.180.197' (This connection closed normally without authentication)
2022-10-06 20:46:33 9 [Warning] Hostname 'zg-0930b-108.stretchoid.com' does not resolve to '192.241.194.205'.
2022-10-06 20:46:33 9 [Note] Hostname 'zg-0930b-108.stretchoid.com' has the following IP addresses:
2022-10-06 20:46:33 9 [Note]  - 127.0.0.1
2022-10-06 20:46:33 9 [Warning] Aborted connection 9 to db: 'unconnected' user: 'unauthenticated' host: '192.241.194.205' (This connection closed normally without authentication)
2022-10-06 20:53:51 10 [Warning] IP address '92.63.197.10' could not be resolved: 알려진 호스트가 없습니다. 
2022-10-06 20:53:51 10 [Warning] Aborted connection 10 to db: 'unconnected' user: 'unauthenticated' host: '92.63.197.10' (This connection closed normally without authentication)
2022-10-06 21:44:03 11 [Warning] IP address '106.245.140.119' could not be resolved: 알려진 호스트가 없습니다. 
2022-10-06 21:44:03 11 [Warning] Aborted connection 11 to db: 'unconnected' user: 'unauthenticated' host: '106.245.140.119' (This connection closed normally without authentication)
2022-10-07  0:45:05 12 [Warning] IP address '118.193.59.59' could not be resolved: 알려진 호스트가 없습니다. 
2022-10-07  0:45:05 12 [Warning] Aborted connection 12 to db: 'unconnected' user: 'unauthenticated' host: '118.193.59.59' (This connection closed normally without authentication)
2022-10-07 11:45:42 0 [Note] InnoDB: Compressed tables use zlib 1.2.12
2022-10-07 11:45:42 0 [Note] InnoDB: Number of transaction pools: 1
2022-10-07 11:45:42 0 [Note] InnoDB: Using crc32 + pclmulqdq instructions
2022-10-07 11:45:42 0 [Note] InnoDB: Initializing buffer pool, total size = 1.990GiB, chunk size = 31.844MiB
2022-10-07 11:45:42 0 [Note] InnoDB: Completed initialization of buffer pool
2022-10-07 11:45:42 0 [Note] InnoDB: File system buffers for log disabled (block size=512 bytes)
2022-10-07 11:45:42 0 [Note] InnoDB: 128 rollback segments are active.
2022-10-07 11:45:42 0 [Note] InnoDB: Removed temporary tablespace data file: "./ibtmp1"
2022-10-07 11:45:42 0 [Note] InnoDB: Setting file './ibtmp1' size to 12.000MiB. Physically writing the file full; Please wait ...
2022-10-07 11:45:42 0 [Note] InnoDB: File './ibtmp1' size is now 12.000MiB.
2022-10-07 11:45:42 0 [Note] InnoDB: log sequence number 46688; transaction id 14
2022-10-07 11:45:42 0 [Note] Plugin 'FEEDBACK' is disabled.
2022-10-07 11:45:42 0 [Note] mysqld.exe: SSPI: using principal name 'localhost', mech 'Negotiate'
2022-10-07 11:45:42 0 [Note] InnoDB: Loading buffer pool(s) from C:\Users\tkdeh\Downloads\maridb\data\ib_buffer_pool
2022-10-07 11:45:42 0 [Note] Server socket created on IP: '::'.
2022-10-07 11:45:42 0 [Note] Server socket created on IP: '0.0.0.0'.
2022-10-07 11:45:42 0 [Note] InnoDB: Buffer pool(s) load completed at 221007 11:45:42
2022-10-07 11:45:42 0 [Note] C:\Users\tkdeh\Downloads\maridb\bin\mysqld.exe: ready for connections.
Version: '10.11.0-MariaDB'  socket: ''  port: 3306  mariadb.org binary distribution
2022-10-07 11:50:54 3 [Warning] IP address '138.197.65.251' could not be resolved: 알려진 호스트가 없습니다. 
2022-10-07 11:50:54 3 [Warning] Aborted connection 3 to db: 'unconnected' user: 'unauthenticated' host: '138.197.65.251' (This connection closed normally without authentication)
2022-10-07 11:50:54 4 [Warning] Aborted connection 4 to db: 'unconnected' user: 'unauthenticated' host: '138.197.65.251' (This connection closed normally without authentication)
2022-10-08 11:26:19 0 [Note] InnoDB: Compressed tables use zlib 1.2.12
2022-10-08 11:26:19 0 [Note] InnoDB: Number of transaction pools: 1
2022-10-08 11:26:19 0 [Note] InnoDB: Using crc32 + pclmulqdq instructions
2022-10-08 11:26:19 0 [Note] InnoDB: Initializing buffer pool, total size = 1.990GiB, chunk size = 31.844MiB
2022-10-08 11:26:19 0 [Note] InnoDB: Completed initialization of buffer pool
2022-10-08 11:26:19 0 [Note] InnoDB: File system buffers for log disabled (block size=512 bytes)
2022-10-08 11:26:19 0 [Note] InnoDB: 128 rollback segments are active.
2022-10-08 11:26:19 0 [Note] InnoDB: Removed temporary tablespace data file: "./ibtmp1"
2022-10-08 11:26:19 0 [Note] InnoDB: Setting file './ibtmp1' size to 12.000MiB. Physically writing the file full; Please wait ...
2022-10-08 11:26:19 0 [Note] InnoDB: File './ibtmp1' size is now 12.000MiB.
2022-10-08 11:26:19 0 [Note] InnoDB: log sequence number 46688; transaction id 14
2022-10-08 11:26:19 0 [Note] Plugin 'FEEDBACK' is disabled.
2022-10-08 11:26:19 0 [Note] mysqld.exe: SSPI: using principal name 'localhost', mech 'Negotiate'
2022-10-08 11:26:19 0 [Note] InnoDB: Loading buffer pool(s) from C:\Users\tkdeh\Downloads\maridb\data\ib_buffer_pool
2022-10-08 11:26:19 0 [Note] Server socket created on IP: '::'.
2022-10-08 11:26:19 0 [Note] Server socket created on IP: '0.0.0.0'.
2022-10-08 11:26:19 0 [Note] InnoDB: Buffer pool(s) load completed at 221008 11:26:19
2022-10-08 11:26:19 0 [Note] C:\Users\tkdeh\Downloads\maridb\bin\mysqld.exe: ready for connections.
Version: '10.11.0-MariaDB'  socket: ''  port: 3306  mariadb.org binary distribution
2022-10-08 17:56:35 3 [Warning] Hostname 'zg-0930e-82.stretchoid.com' does not resolve to '192.241.212.134'.
2022-10-08 17:56:35 3 [Note] Hostname 'zg-0930e-82.stretchoid.com' has the following IP addresses:
2022-10-08 17:56:35 3 [Note]  - 127.0.0.1
2022-10-08 17:56:35 3 [Warning] Aborted connection 3 to db: 'unconnected' user: 'unauthenticated' host: '192.241.212.134' (This connection closed normally without authentication)
2022-10-08 22:07:36 4 [Warning] Aborted connection 4 to db: 'unconnected' user: 'unauthenticated' host: 'scan-13o.shadowserver.org' (This connection closed normally without authentication)
2022-10-08 22:34:11 0 [Note] Windows service "MariaDB":  received SERVICE_CONTROL_SHUTDOWN
2022-10-08 22:34:11 0 [Note] C:\Users\tkdeh\Downloads\maridb\bin\mysqld.exe (initiated by: unknown): Normal shutdown
2022-10-08 22:34:11 0 [Note] InnoDB: FTS optimize thread exiting.
2022-10-08 22:34:11 0 [Note] InnoDB: Starting shutdown...
2022-10-08 22:34:11 0 [Note] InnoDB: Dumping buffer pool(s) to C:\Users\tkdeh\Downloads\maridb\data\ib_buffer_pool
2022-10-08 22:34:11 0 [Note] InnoDB: Buffer pool(s) dump completed at 221008 22:34:11
2022-10-08 22:34:11 0 [Note] InnoDB: Removed temporary tablespace data file: "./ibtmp1"
2022-10-08 22:34:11 0 [Note] InnoDB: Shutdown completed; log sequence number 46688; transaction id 15
2022-10-08 22:34:11 0 [Note] C:\Users\tkdeh\Downloads\maridb\bin\mysqld.exe: Shutdown complete

2022-10-08 22:34:55 0 [Note] InnoDB: Compressed tables use zlib 1.2.12
2022-10-08 22:34:55 0 [Note] InnoDB: Number of transaction pools: 1
2022-10-08 22:34:55 0 [Note] InnoDB: Using crc32 + pclmulqdq instructions
2022-10-08 22:34:55 0 [Note] InnoDB: Initializing buffer pool, total size = 1.990GiB, chunk size = 31.844MiB
2022-10-08 22:34:55 0 [Note] InnoDB: Completed initialization of buffer pool
2022-10-08 22:34:55 0 [Note] InnoDB: File system buffers for log disabled (block size=512 bytes)
2022-10-08 22:34:55 0 [Note] InnoDB: 128 rollback segments are active.
2022-10-08 22:34:55 0 [Note] InnoDB: Setting file './ibtmp1' size to 12.000MiB. Physically writing the file full; Please wait ...
2022-10-08 22:34:55 0 [Note] InnoDB: File './ibtmp1' size is now 12.000MiB.
2022-10-08 22:34:55 0 [Note] InnoDB: log sequence number 46688; transaction id 14
2022-10-08 22:34:55 0 [Note] InnoDB: Loading buffer pool(s) from C:\Users\tkdeh\Downloads\maridb\data\ib_buffer_pool
2022-10-08 22:34:55 0 [Note] Plugin 'FEEDBACK' is disabled.
2022-10-08 22:34:55 0 [Note] mysqld.exe: SSPI: using principal name 'localhost', mech 'Negotiate'
2022-10-08 22:34:55 0 [Note] InnoDB: Buffer pool(s) load completed at 221008 22:34:55
2022-10-08 22:34:55 0 [Note] Server socket created on IP: '::'.
2022-10-08 22:34:55 0 [Note] Server socket created on IP: '0.0.0.0'.
2022-10-08 22:34:56 0 [Note] C:\Users\tkdeh\Downloads\maridb\bin\mysqld.exe: ready for connections.
Version: '10.11.0-MariaDB'  socket: ''  port: 3306  mariadb.org binary distribution
2022-10-08 22:35:13 0 [Note] Windows service "MariaDB":  received SERVICE_CONTROL_SHUTDOWN
2022-10-08 22:35:13 0 [Note] C:\Users\tkdeh\Downloads\maridb\bin\mysqld.exe (initiated by: unknown): Normal shutdown
2022-10-08 22:35:13 0 [Note] InnoDB: FTS optimize thread exiting.
2022-10-08 22:35:13 0 [Note] InnoDB: Starting shutdown...
2022-10-08 22:35:13 0 [Note] InnoDB: Dumping buffer pool(s) to C:\Users\tkdeh\Downloads\maridb\data\ib_buffer_pool
2022-10-08 22:35:13 0 [Note] InnoDB: Buffer pool(s) dump completed at 221008 22:35:13
2022-10-08 22:35:13 0 [Note] InnoDB: Removed temporary tablespace data file: "./ibtmp1"
2022-10-08 22:35:13 0 [Note] InnoDB: Shutdown completed; log sequence number 46688; transaction id 15
2022-10-08 22:35:13 0 [Note] C:\Users\tkdeh\Downloads\maridb\bin\mysqld.exe: Shutdown complete

2022-10-09 12:48:43 0 [Note] InnoDB: Compressed tables use zlib 1.2.12
2022-10-09 12:48:43 0 [Note] InnoDB: Number of transaction pools: 1
2022-10-09 12:48:43 0 [Note] InnoDB: Using crc32 + pclmulqdq instructions
2022-10-09 12:48:43 0 [Note] InnoDB: Initializing buffer pool, total size = 1.990GiB, chunk size = 31.844MiB
2022-10-09 12:48:44 0 [Note] InnoDB: Completed initialization of buffer pool
2022-10-09 12:48:44 0 [Note] InnoDB: File system buffers for log disabled (block size=512 bytes)
2022-10-09 12:48:44 0 [Note] InnoDB: 128 rollback segments are active.
2022-10-09 12:48:44 0 [Note] InnoDB: Setting file './ibtmp1' size to 12.000MiB. Physically writing the file full; Please wait ...
2022-10-09 12:48:44 0 [Note] InnoDB: File './ibtmp1' size is now 12.000MiB.
2022-10-09 12:48:44 0 [Note] InnoDB: log sequence number 46688; transaction id 14
2022-10-09 12:48:44 0 [Note] Plugin 'FEEDBACK' is disabled.
2022-10-09 12:48:44 0 [Note] mysqld.exe: SSPI: using principal name 'localhost', mech 'Negotiate'
2022-10-09 12:48:44 0 [Note] Server socket created on IP: '::'.
2022-10-09 12:48:44 0 [Note] Server socket created on IP: '0.0.0.0'.
2022-10-09 12:48:44 0 [Note] InnoDB: Loading buffer pool(s) from C:\Users\tkdeh\Downloads\maridb\data\ib_buffer_pool
2022-10-09 12:48:44 0 [Note] InnoDB: Buffer pool(s) load completed at 221009 12:48:44
2022-10-09 12:48:44 0 [Note] C:\Users\tkdeh\Downloads\maridb\bin\mysqld.exe: ready for connections.
Version: '10.11.0-MariaDB'  socket: ''  port: 3306  mariadb.org binary distribution
2022-10-09 13:48:48 3 [Warning] Aborted connection 3 to db: 'unconnected' user: 'unauthenticated' host: 'acclaimed.monitoring.internet-measurement.com' (This connection closed normally without authentication)
2022-10-09 13:48:48 4 [Warning] Aborted connection 4 to db: 'unconnected' user: 'unauthenticated' host: '0635fd7e.tidalcoinage.internet-measurement.com' (This connection closed normally without authentication)
2022-10-09 13:51:16 5 [Warning] IP address '143.110.249.122' could not be resolved: 알려진 호스트가 없습니다. 
2022-10-09 13:51:16 5 [Warning] Aborted connection 5 to db: 'unconnected' user: 'unauthenticated' host: '143.110.249.122' (This connection closed normally without authentication)
2022-10-09 13:57:34 6 [Warning] Aborted connection 6 to db: 'unconnected' user: 'unauthenticated' host: 'tor-exit-36.for-privacy.net' (This connection closed normally without authentication)
2022-10-09 14:18:15 7 [Warning] IP address '23.224.189.41' could not be resolved: 호스트 이름을 확인하는 동안 로컬 서버가 신뢰할 만한 서버에서 응답을 받지 못해 발생한 일시적인 오류입니다. 
2022-10-09 14:18:15 7 [Warning] Aborted connection 7 to db: 'unconnected' user: 'unauthenticated' host: '23.224.189.41' (This connection closed normally without authentication)
2022-10-09 14:18:15 8 [Warning] IP address '23.224.189.41' could not be resolved: 호스트 이름을 확인하는 동안 로컬 서버가 신뢰할 만한 서버에서 응답을 받지 못해 발생한 일시적인 오류입니다. 
2022-10-09 14:18:15 8 [Warning] Aborted connection 8 to db: 'unconnected' user: 'unauthenticated' host: '23.224.189.41' (This connection closed normally without authentication)
2022-10-09 14:18:15 9 [Warning] IP address '23.224.189.41' could not be resolved: 호스트 이름을 확인하는 동안 로컬 서버가 신뢰할 만한 서버에서 응답을 받지 못해 발생한 일시적인 오류입니다. 
2022-10-09 14:18:15 9 [Warning] Aborted connection 9 to db: 'unconnected' user: 'unauthenticated' host: '23.224.189.41' (This connection closed normally without authentication)
2022-10-09 14:18:30 10 [Warning] IP address '23.224.189.41' could not be resolved: 호스트 이름을 확인하는 동안 로컬 서버가 신뢰할 만한 서버에서 응답을 받지 못해 발생한 일시적인 오류입니다. 
2022-10-09 14:18:30 10 [Warning] Aborted connection 10 to db: 'unconnected' user: 'unauthenticated' host: '23.224.189.41' (This connection closed normally without authentication)
2022-10-09 16:30:20 11 [Warning] IP address '43.134.92.75' could not be resolved: 요청한 이름이 올바르나, 요청한 종류의 데이터를 찾지 못했습니다. 
2022-10-09 16:30:20 11 [Warning] Aborted connection 11 to db: 'unconnected' user: 'unauthenticated' host: '43.134.92.75' (This connection closed normally without authentication)
2022-10-09 16:49:13 12 [Warning] IP address '123.15.45.206' could not be resolved: 알려진 호스트가 없습니다. 
2022-10-09 16:49:13 12 [Warning] Aborted connection 12 to db: 'unconnected' user: 'unauthenticated' host: '123.15.45.206' (This connection closed normally without authentication)
2022-10-09 16:53:44 13 [Warning] Aborted connection 13 to db: 'unconnected' user: 'root' host: 'localhost' (Got an error reading communication packets)
2022-10-09 16:53:59 14 [Warning] Access denied for user 'root'@'localhost' (using password: NO)
2022-10-09 17:14:25 17 [Warning] Aborted connection 17 to db: 'unconnected' user: 'root' host: 'localhost' (Got an error reading communication packets)
2022-10-09 17:17:11 18 [Warning] Aborted connection 18 to db: 'unconnected' user: 'root' host: 'localhost' (Got an error reading communication packets)
2022-10-09 17:37:38 19 [Warning] Aborted connection 19 to db: 'chat' user: 'root' host: 'localhost' (Got an error reading communication packets)
2022-10-09 17:37:38 23 [Warning] Aborted connection 23 to db: 'chat' user: 'root' host: 'localhost' (Got an error reading communication packets)
2022-10-09 17:37:38 22 [Warning] Aborted connection 22 to db: 'chat' user: 'root' host: 'localhost' (Got an error reading communication packets)
2022-10-09 17:37:38 21 [Warning] Aborted connection 21 to db: 'chat' user: 'root' host: 'localhost' (Got an error reading communication packets)
2022-10-09 17:37:38 20 [Warning] Aborted connection 20 to db: 'chat' user: 'root' host: 'localhost' (Got an error reading communication packets)
2022-10-09 17:38:20 24 [Warning] Aborted connection 24 to db: 'chat' user: 'root' host: 'localhost' (Got an error reading communication packets)
2022-10-09 17:38:20 25 [Warning] Aborted connection 25 to db: 'chat' user: 'root' host: 'localhost' (Got an error reading communication packets)
2022-10-09 17:38:20 26 [Warning] Aborted connection 26 to db: 'chat' user: 'root' host: 'localhost' (Got an error reading communication packets)
2022-10-09 17:38:20 27 [Warning] Aborted connection 27 to db: 'chat' user: 'root' host: 'localhost' (Got an error reading communication packets)
2022-10-09 17:38:20 28 [Warning] Aborted connection 28 to db: 'chat' user: 'root' host: 'localhost' (Got an error reading communication packets)
2022-10-09 17:43:03 29 [Warning] Aborted connection 29 to db: 'chat' user: 'root' host: 'localhost' (Got an error reading communication packets)
2022-10-09 17:43:03 33 [Warning] Aborted connection 33 to db: 'chat' user: 'root' host: 'localhost' (Got an error reading communication packets)
2022-10-09 17:43:03 32 [Warning] Aborted connection 32 to db: 'chat' user: 'root' host: 'localhost' (Got an error reading communication packets)
2022-10-09 17:43:03 31 [Warning] Aborted connection 31 to db: 'chat' user: 'root' host: 'localhost' (Got an error reading communication packets)
2022-10-09 17:43:03 30 [Warning] Aborted connection 30 to db: 'chat' user: 'root' host: 'localhost' (Got an error reading communication packets)
2022-10-09 18:04:00 34 [Warning] Aborted connection 34 to db: 'unconnected' user: 'root' host: 'localhost' (Got an error reading communication packets)
2022-10-09 18:04:08 0 [Note] Windows service "MariaDB":  received SERVICE_CONTROL_STOP
2022-10-09 18:04:08 0 [Note] C:\Users\tkdeh\Downloads\maridb\bin\mysqld.exe (initiated by: unknown): Normal shutdown
2022-10-09 18:04:08 0 [Note] InnoDB: FTS optimize thread exiting.
2022-10-09 18:04:08 0 [Note] InnoDB: Starting shutdown...
2022-10-09 18:04:08 0 [Note] InnoDB: Dumping buffer pool(s) to C:\Users\tkdeh\Downloads\maridb\data\ib_buffer_pool
2022-10-09 18:04:08 0 [Note] InnoDB: Buffer pool(s) dump completed at 221009 18:04:08
2022-10-09 18:04:08 0 [Note] InnoDB: Removed temporary tablespace data file: "./ibtmp1"
2022-10-09 18:04:08 0 [Note] InnoDB: Shutdown completed; log sequence number 53556; transaction id 31
2022-10-09 18:04:08 0 [Note] C:\Users\tkdeh\Downloads\maridb\bin\mysqld.exe: Shutdown complete

2022-10-09 18:10:26 0 [Note] InnoDB: Compressed tables use zlib 1.2.12
2022-10-09 18:10:26 0 [Note] InnoDB: Number of transaction pools: 1
2022-10-09 18:10:26 0 [Note] InnoDB: Using crc32 + pclmulqdq instructions
2022-10-09 18:10:26 0 [Note] InnoDB: Initializing buffer pool, total size = 1.990GiB, chunk size = 31.844MiB
2022-10-09 18:10:26 0 [Note] InnoDB: Completed initialization of buffer pool
2022-10-09 18:10:26 0 [Note] InnoDB: File system buffers for log disabled (block size=512 bytes)
2022-10-09 18:10:26 0 [Note] InnoDB: 128 rollback segments are active.
2022-10-09 18:10:26 0 [Note] InnoDB: Setting file './ibtmp1' size to 12.000MiB. Physically writing the file full; Please wait ...
2022-10-09 18:10:26 0 [Note] InnoDB: File './ibtmp1' size is now 12.000MiB.
2022-10-09 18:10:26 0 [Note] InnoDB: log sequence number 53556; transaction id 32
2022-10-09 18:10:26 0 [Note] Plugin 'FEEDBACK' is disabled.
2022-10-09 18:10:26 0 [Note] InnoDB: Loading buffer pool(s) from C:\Git\translate-chat\maridb\data\ib_buffer_pool
2022-10-09 18:10:26 0 [Note] mysqld.exe: SSPI: using principal name 'localhost', mech 'Negotiate'
2022-10-09 18:10:26 0 [Note] Server socket created on IP: '::'.
2022-10-09 18:10:26 0 [Note] Server socket created on IP: '0.0.0.0'.
2022-10-09 18:10:26 0 [Note] InnoDB: Buffer pool(s) load completed at 221009 18:10:26
2022-10-09 18:10:26 0 [Note] C:\Users\tkdeh\Downloads\maridb\bin\mysqld.exe: ready for connections.
Version: '10.11.0-MariaDB'  socket: ''  port: 3306  mariadb.org binary distribution
2022-10-09 18:11:33 0 [Note] Windows service "MariaDB":  received SERVICE_CONTROL_STOP
2022-10-09 18:11:33 0 [Note] C:\Users\tkdeh\Downloads\maridb\bin\mysqld.exe (initiated by: unknown): Normal shutdown
2022-10-09 18:11:33 0 [Note] InnoDB: FTS optimize thread exiting.
2022-10-09 18:11:33 0 [Note] InnoDB: Starting shutdown...
2022-10-09 18:11:33 0 [Note] InnoDB: Dumping buffer pool(s) to C:\Git\translate-chat\maridb\data\ib_buffer_pool
2022-10-09 18:11:33 0 [Note] InnoDB: Buffer pool(s) dump completed at 221009 18:11:33
2022-10-09 18:11:33 0 [Note] InnoDB: Removed temporary tablespace data file: "./ibtmp1"
2022-10-09 18:11:33 0 [Note] InnoDB: Shutdown completed; log sequence number 53556; transaction id 34
2022-10-09 18:11:33 0 [Note] C:\Users\tkdeh\Downloads\maridb\bin\mysqld.exe: Shutdown complete

2022-10-09 18:26:42 0 [Note] InnoDB: Compressed tables use zlib 1.2.12
2022-10-09 18:26:42 0 [Note] InnoDB: Number of transaction pools: 1
2022-10-09 18:26:42 0 [Note] InnoDB: Using crc32 + pclmulqdq instructions
2022-10-09 18:26:42 0 [Note] InnoDB: Initializing buffer pool, total size = 1.990GiB, chunk size = 31.844MiB
2022-10-09 18:26:42 0 [Note] InnoDB: Completed initialization of buffer pool
2022-10-09 18:26:42 0 [Note] InnoDB: File system buffers for log disabled (block size=512 bytes)
2022-10-09 18:26:43 0 [Note] InnoDB: 128 rollback segments are active.
2022-10-09 18:26:43 0 [Note] InnoDB: Setting file './ibtmp1' size to 12.000MiB. Physically writing the file full; Please wait ...
2022-10-09 18:26:43 0 [Note] InnoDB: File './ibtmp1' size is now 12.000MiB.
2022-10-09 18:26:43 0 [Note] InnoDB: log sequence number 53556; transaction id 32
2022-10-09 18:26:43 0 [Note] Plugin 'FEEDBACK' is disabled.
2022-10-09 18:26:43 0 [Note] InnoDB: Loading buffer pool(s) from C:\Git\translate-chat\maridb\data\ib_buffer_pool
2022-10-09 18:26:43 0 [Note] mysqld.exe: SSPI: using principal name 'localhost', mech 'Negotiate'
2022-10-09 18:26:43 0 [Note] InnoDB: Buffer pool(s) load completed at 221009 18:26:43
2022-10-09 18:26:43 0 [Note] Server socket created on IP: '::'.
2022-10-09 18:26:43 0 [Note] Server socket created on IP: '0.0.0.0'.
2022-10-09 18:26:43 0 [Note] C:\Users\tkdeh\Downloads\maridb\bin\mysqld.exe: ready for connections.
Version: '10.11.0-MariaDB'  socket: ''  port: 3306  mariadb.org binary distribution
2022-10-09 18:26:43 0 [Note] Windows service "MariaDB":  received SERVICE_CONTROL_STOP
2022-10-09 18:26:43 0 [Note] C:\Users\tkdeh\Downloads\maridb\bin\mysqld.exe (initiated by: unknown): Normal shutdown
2022-10-09 18:26:43 0 [Note] InnoDB: FTS optimize thread exiting.
2022-10-09 18:26:43 0 [Note] InnoDB: Starting shutdown...
2022-10-09 18:26:43 0 [Note] InnoDB: Dumping buffer pool(s) to C:\Git\translate-chat\maridb\data\ib_buffer_pool
2022-10-09 18:26:43 0 [Note] InnoDB: Buffer pool(s) dump completed at 221009 18:26:43
2022-10-09 18:26:44 0 [Note] InnoDB: Removed temporary tablespace data file: "./ibtmp1"
2022-10-09 18:26:44 0 [Note] InnoDB: Shutdown completed; log sequence number 53556; transaction id 33
2022-10-09 18:26:44 0 [Note] C:\Users\tkdeh\Downloads\maridb\bin\mysqld.exe: Shutdown complete

2022-10-09 18:27:01 0 [Note] InnoDB: Compressed tables use zlib 1.2.12
2022-10-09 18:27:01 0 [Note] InnoDB: Number of transaction pools: 1
2022-10-09 18:27:01 0 [Note] InnoDB: Using crc32 + pclmulqdq instructions
2022-10-09 18:27:01 0 [Note] InnoDB: Initializing buffer pool, total size = 1.990GiB, chunk size = 31.844MiB
2022-10-09 18:27:01 0 [Note] InnoDB: Completed initialization of buffer pool
2022-10-09 18:27:01 0 [Note] InnoDB: File system buffers for log disabled (block size=512 bytes)
2022-10-09 18:27:01 0 [Note] InnoDB: 128 rollback segments are active.
2022-10-09 18:27:01 0 [Note] InnoDB: Setting file './ibtmp1' size to 12.000MiB. Physically writing the file full; Please wait ...
2022-10-09 18:27:01 0 [Note] InnoDB: File './ibtmp1' size is now 12.000MiB.
2022-10-09 18:27:01 0 [Note] InnoDB: log sequence number 53556; transaction id 32
2022-10-09 18:27:01 0 [Note] InnoDB: Loading buffer pool(s) from C:\Git\translate-chat\maridb\data\ib_buffer_pool
2022-10-09 18:27:01 0 [Note] Plugin 'FEEDBACK' is disabled.
2022-10-09 18:27:01 0 [Note] mysqld.exe: SSPI: using principal name 'localhost', mech 'Negotiate'
2022-10-09 18:27:01 0 [Note] InnoDB: Buffer pool(s) load completed at 221009 18:27:01
2022-10-09 18:27:01 0 [Note] Server socket created on IP: '::'.
2022-10-09 18:27:01 0 [Note] Server socket created on IP: '0.0.0.0'.
2022-10-09 18:27:01 0 [Note] C:\Git\translate-chat\maridb\bin\mysqld.exe: ready for connections.
Version: '10.11.0-MariaDB'  socket: ''  port: 3306  mariadb.org binary distribution
2022-10-09 18:29:05 0 [Note] Windows service "MariaDB":  received SERVICE_CONTROL_STOP
2022-10-09 18:29:05 0 [Note] C:\Git\translate-chat\maridb\bin\mysqld.exe (initiated by: unknown): Normal shutdown
2022-10-09 18:29:05 0 [Note] InnoDB: FTS optimize thread exiting.
2022-10-09 18:29:05 0 [Note] InnoDB: Starting shutdown...
2022-10-09 18:29:05 0 [Note] InnoDB: Dumping buffer pool(s) to C:\Git\translate-chat\maridb\data\ib_buffer_pool
2022-10-09 18:29:05 0 [Note] InnoDB: Buffer pool(s) dump completed at 221009 18:29:05
2022-10-09 18:29:05 0 [Note] InnoDB: Removed temporary tablespace data file: "./ibtmp1"
2022-10-09 18:29:05 0 [Note] InnoDB: Shutdown completed; log sequence number 53556; transaction id 33
2022-10-09 18:29:05 0 [Note] C:\Git\translate-chat\maridb\bin\mysqld.exe: Shutdown complete

2022-10-09 18:29:58 0 [Note] InnoDB: Compressed tables use zlib 1.2.12
2022-10-09 18:29:58 0 [Note] InnoDB: Number of transaction pools: 1
2022-10-09 18:29:58 0 [Note] InnoDB: Using crc32 + pclmulqdq instructions
2022-10-09 18:29:58 0 [Note] InnoDB: Initializing buffer pool, total size = 1.990GiB, chunk size = 31.844MiB
2022-10-09 18:29:58 0 [Note] InnoDB: Completed initialization of buffer pool
2022-10-09 18:29:58 0 [Note] InnoDB: File system buffers for log disabled (block size=512 bytes)
2022-10-09 18:29:58 0 [Note] InnoDB: 128 rollback segments are active.
2022-10-09 18:29:58 0 [Note] InnoDB: Setting file './ibtmp1' size to 12.000MiB. Physically writing the file full; Please wait ...
2022-10-09 18:29:58 0 [Note] InnoDB: File './ibtmp1' size is now 12.000MiB.
2022-10-09 18:29:58 0 [Note] InnoDB: log sequence number 53556; transaction id 32
2022-10-09 18:29:58 0 [Note] Plugin 'FEEDBACK' is disabled.
2022-10-09 18:29:58 0 [Note] InnoDB: Loading buffer pool(s) from C:\Git\translate-chat\maridb\data\ib_buffer_pool
2022-10-09 18:29:58 0 [Note] mysqld.exe: SSPI: using principal name 'localhost', mech 'Negotiate'
2022-10-09 18:29:58 0 [Note] Server socket created on IP: '::'.
2022-10-09 18:29:58 0 [Note] Server socket created on IP: '0.0.0.0'.
2022-10-09 18:29:58 0 [Note] InnoDB: Buffer pool(s) load completed at 221009 18:29:58
2022-10-09 18:29:58 0 [Note] C:\Git\translate-chat\maridb\bin\mysqld.exe: ready for connections.
Version: '10.11.0-MariaDB'  socket: ''  port: 3306  mariadb.org binary distribution
2022-10-09 18:31:28 4 [Warning] Aborted connection 4 to db: 'chat' user: 'root' host: 'localhost' (Got an error reading communication packets)
2022-10-09 18:37:16 0 [Note] Windows service "MariaDB":  received SERVICE_CONTROL_STOP
2022-10-09 18:37:16 0 [Note] C:\Git\translate-chat\maridb\bin\mysqld.exe (initiated by: unknown): Normal shutdown
2022-10-09 18:37:16 0 [Note] InnoDB: FTS optimize thread exiting.
2022-10-09 18:37:16 0 [Note] InnoDB: Starting shutdown...
2022-10-09 18:37:16 0 [Note] InnoDB: Dumping buffer pool(s) to C:\Git\translate-chat\maridb\data\ib_buffer_pool
2022-10-09 18:37:16 0 [Note] InnoDB: Buffer pool(s) dump completed at 221009 18:37:16
2022-10-09 18:37:17 0 [Note] InnoDB: Removed temporary tablespace data file: "./ibtmp1"
2022-10-09 18:37:17 0 [Note] InnoDB: Shutdown completed; log sequence number 53556; transaction id 34
2022-10-09 18:37:17 0 [Note] C:\Git\translate-chat\maridb\bin\mysqld.exe: Shutdown complete

2022-10-09 18:37:17 0 [Note] InnoDB: Compressed tables use zlib 1.2.12
2022-10-09 18:37:17 0 [Note] InnoDB: Number of transaction pools: 1
2022-10-09 18:37:17 0 [Note] InnoDB: Using crc32 + pclmulqdq instructions
2022-10-09 18:37:17 0 [Note] InnoDB: Initializing buffer pool, total size = 1.990GiB, chunk size = 31.844MiB
2022-10-09 18:37:17 0 [Note] InnoDB: Completed initialization of buffer pool
2022-10-09 18:37:17 0 [Note] InnoDB: File system buffers for log disabled (block size=512 bytes)
2022-10-09 18:37:17 0 [Note] InnoDB: 128 rollback segments are active.
2022-10-09 18:37:17 0 [Note] InnoDB: Setting file './ibtmp1' size to 12.000MiB. Physically writing the file full; Please wait ...
2022-10-09 18:37:17 0 [Note] InnoDB: File './ibtmp1' size is now 12.000MiB.
2022-10-09 18:37:17 0 [Note] InnoDB: log sequence number 53556; transaction id 32
2022-10-09 18:37:17 0 [Note] Plugin 'FEEDBACK' is disabled.
2022-10-09 18:37:17 0 [Note] InnoDB: Loading buffer pool(s) from C:\Git\translate-chat\maridb\data\ib_buffer_pool
2022-10-09 18:37:17 0 [Note] mysqld.exe: SSPI: using principal name 'localhost', mech 'Negotiate'
2022-10-09 18:37:17 0 [Note] InnoDB: Buffer pool(s) load completed at 221009 18:37:17
2022-10-09 18:37:17 0 [Note] C:\Program Files\MariaDB 10.11\bin\mysqld.exe: ready for connections.
Version: '10.11.0-MariaDB'  socket: ''  port: 0  mariadb.org binary distribution
2022-10-09 18:37:30 0 [Note] C:\Program Files\MariaDB 10.11\bin\mysqld.exe (initiated by: unknown): Normal shutdown
2022-10-09 18:37:30 0 [Note] InnoDB: FTS optimize thread exiting.
2022-10-09 18:37:30 0 [Note] InnoDB: Starting shutdown...
2022-10-09 18:37:30 0 [Note] InnoDB: Dumping buffer pool(s) to C:\Git\translate-chat\maridb\data\ib_buffer_pool
2022-10-09 18:37:30 0 [Note] InnoDB: Buffer pool(s) dump completed at 221009 18:37:30
2022-10-09 18:37:31 0 [Note] InnoDB: Removed temporary tablespace data file: "./ibtmp1"
2022-10-09 18:37:31 0 [Note] InnoDB: Shutdown completed; log sequence number 53556; transaction id 37
2022-10-09 18:37:31 0 [Note] C:\Program Files\MariaDB 10.11\bin\mysqld.exe: Shutdown complete

2022-10-09 18:37:31 0 [Note] InnoDB: Compressed tables use zlib 1.2.12
2022-10-09 18:37:31 0 [Note] InnoDB: Number of transaction pools: 1
2022-10-09 18:37:31 0 [Note] InnoDB: Using crc32 + pclmulqdq instructions
2022-10-09 18:37:31 0 [Note] InnoDB: Initializing buffer pool, total size = 1.990GiB, chunk size = 31.844MiB
2022-10-09 18:37:31 0 [Note] InnoDB: Completed initialization of buffer pool
2022-10-09 18:37:31 0 [Note] InnoDB: File system buffers for log disabled (block size=512 bytes)
2022-10-09 18:37:31 0 [Note] InnoDB: 128 rollback segments are active.
2022-10-09 18:37:31 0 [Note] InnoDB: Setting file './ibtmp1' size to 12.000MiB. Physically writing the file full; Please wait ...
2022-10-09 18:37:31 0 [Note] InnoDB: File './ibtmp1' size is now 12.000MiB.
2022-10-09 18:37:31 0 [Note] InnoDB: log sequence number 53556; transaction id 32
2022-10-09 18:37:31 0 [Note] Plugin 'FEEDBACK' is disabled.
2022-10-09 18:37:31 0 [Note] InnoDB: Loading buffer pool(s) from C:\Git\translate-chat\maridb\data\ib_buffer_pool
2022-10-09 18:37:31 0 [Note] mysqld.exe: SSPI: using principal name 'localhost', mech 'Negotiate'
2022-10-09 18:37:31 0 [Note] Server socket created on IP: '::'.
2022-10-09 18:37:31 0 [Note] Server socket created on IP: '0.0.0.0'.
2022-10-09 18:37:31 0 [Note] InnoDB: Buffer pool(s) load completed at 221009 18:37:31
2022-10-09 18:37:31 0 [Note] C:\Program Files\MariaDB 10.11\bin\mysqld.exe: ready for connections.
Version: '10.11.0-MariaDB'  socket: ''  port: 3306  mariadb.org binary distribution
2022-10-09 19:15:44 4 [Warning] Aborted connection 4 to db: 'unconnected' user: 'unauthenticated' host: 'scan-39a.shadowserver.org' (This connection closed normally without authentication)
2022-10-09 20:54:36 5 [Warning] IP address '123.15.45.206' could not be resolved: 알려진 호스트가 없습니다. 
2022-10-09 20:54:36 5 [Warning] Aborted connection 5 to db: 'unconnected' user: 'unauthenticated' host: '123.15.45.206' (This connection closed normally without authentication)
2022-10-09 23:05:06 6 [Warning] IP address '167.94.145.59' could not be resolved: 알려진 호스트가 없습니다. 
2022-10-09 23:05:06 6 [Warning] Aborted connection 6 to db: 'unconnected' user: 'unauthenticated' host: '167.94.145.59' (This connection closed normally without authentication)
2022-10-09 23:19:38 7 [Warning] Hostname 'zg-0930a-56.stretchoid.com' does not resolve to '192.241.216.34'.
2022-10-09 23:19:38 7 [Note] Hostname 'zg-0930a-56.stretchoid.com' has the following IP addresses:
2022-10-09 23:19:38 7 [Note]  - 127.0.0.1
2022-10-09 23:19:38 7 [Warning] Aborted connection 7 to db: 'unconnected' user: 'unauthenticated' host: '192.241.216.34' (This connection closed normally without authentication)
